Global frequency set at 1000000000000 ticks per second
gem5 Simulator System.  https://www.gem5.org
gem5 is copyrighted software; use the --copyright option for details.

gem5 version 24.1.0.2
gem5 compiled Feb 18 2025 16:54:10
gem5 started Mar 31 2025 21:53:51
gem5 executing on zkyd151, pid 1620055
command line: build/RISCV/gem5.opt --outdir=../output-vlen1024-elen64/m5out-rvv-random-euclidean-4096-1000-100-top100 configs/example/bvb-board.py --vlen 1024 --elen 64 --resource ../build/bin/hnsw_search_riscv_rvv '--prog_args=--topk 100 --dataset /home/zxge/VDB/hnsw/data/random-euclidean-4096-1000-100.bin'

info: Standard input is not a terminal, disabling listeners.
Resource: ../build/bin/hnsw_search_riscv_rvv
VLEN: 1024
ELEN: 64
Program Arguments: ['--topk 100 --dataset /home/zxge/VDB/hnsw/data/random-euclidean-4096-1000-100.bin']
Binary Path: ../build/bin/hnsw_search_riscv_rvv
Program Arguments for Workload: ['--topk', '100', '--dataset', '/home/zxge/VDB/hnsw/data/random-euclidean-4096-1000-100.bin']
Beginning simulation!
--------- Reading data ---------
Read data from /home/zxge/VDB/hnsw/data/random-euclidean-4096-1000-100.bin with 1000 train elements and 100 test elements
Dataset Dimension: 4096
Dataset topk: 100
>>> Time to read binary file: 0.020 ms
--------- Creating index ---------
Using RVV
dependGraph[0]: No producer. consumer: 
dependGraph[1]: No producer. consumer: 
dependGraph[2]: No producer. consumer: 
dependGraph[3]: No producer. consumer: 
dependGraph[4]: No producer. consumer: 
dependGraph[5]: No producer. consumer: 
dependGraph[6]: No producer. consumer: 
dependGraph[7]: No producer. consumer: 
dependGraph[8]: No producer. consumer: 
dependGraph[9]: No producer. consumer: 
dependGraph[10]: producer: (0x1b28a=>0x1b28c).(0=>1) [sn:18647632967] consumer: (0x19a8a=>0x19a8c).(0=>1) [sn:18647632972] 
dependGraph[11]: producer: (0x19a8e=>0x19a90).(0=>1) [sn:18647632974] consumer: (0x1ca8a=>0x1ca8e).(0=>1) [sn:18647632983] 
dependGraph[12]: No producer. consumer: 
dependGraph[13]: No producer. consumer: 
dependGraph[14]: No producer. consumer: 
dependGraph[15]: producer: (0x7ffffffffffff836=>0x7ffffffffffff838).(0=>1) [sn:18647633070] consumer: 
dependGraph[16]: No producer. consumer: 
dependGraph[17]: No producer. consumer: 
dependGraph[18]: No producer. consumer: 
dependGraph[19]: producer: (0x7ffffffffffff83e=>0x7ffffffffffff840).(0=>1) [sn:18647633073] consumer: 
dependGraph[20]: No producer. consumer: 
dependGraph[21]: No producer. consumer: 
dependGraph[22]: No producer. consumer: 
dependGraph[23]: producer: (0x7ffffffffffff838=>0x7ffffffffffff83a).(0=>1) [sn:18647633071] consumer: 
dependGraph[24]: No producer. consumer: 
dependGraph[25]: No producer. consumer: 
dependGraph[26]: No producer. consumer: 
dependGraph[27]: No producer. consumer: 
dependGraph[28]: No producer. consumer: 
dependGraph[29]: No producer. consumer: 
dependGraph[30]: No producer. consumer: 
dependGraph[31]: No producer. consumer: 
dependGraph[32]: No producer. consumer: 
dependGraph[33]: No producer. consumer: 
dependGraph[34]: No producer. consumer: 
dependGraph[35]: No producer. consumer: 
dependGraph[36]: No producer. consumer: 
dependGraph[37]: No producer. consumer: 
dependGraph[38]: No producer. consumer: 
dependGraph[39]: No producer. consumer: 
dependGraph[40]: No producer. consumer: 
dependGraph[41]: No producer. consumer: 
dependGraph[42]: No producer. consumer: 
dependGraph[43]: No producer. consumer: 
dependGraph[44]: No producer. consumer: 
dependGraph[45]: No producer. consumer: 
dependGraph[46]: No producer. consumer: 
dependGraph[47]: No producer. consumer: 
dependGraph[48]: No producer. consumer: 
dependGraph[49]: No producer. consumer: 
dependGraph[50]: No producer. consumer: 
dependGraph[51]: No producer. consumer: 
dependGraph[52]: No producer. consumer: 
dependGraph[53]: No producer. consumer: 
dependGraph[54]: No producer. consumer: 
dependGraph[55]: No producer. consumer: 
dependGraph[56]: No producer. consumer: 
dependGraph[57]: No producer. consumer: 
dependGraph[58]: No producer. consumer: 
dependGraph[59]: No producer. consumer: 
dependGraph[60]: No producer. consumer: 
dependGraph[61]: producer: (0x7ffffffffffff830=>0x7ffffffffffff832).(0=>1) [sn:18647633068] consumer: 
dependGraph[62]: No producer. consumer: 
dependGraph[63]: No producer. consumer: 
dependGraph[64]: No producer. consumer: 
dependGraph[65]: No producer. consumer: 
dependGraph[66]: No producer. consumer: 
dependGraph[67]: No producer. consumer: 
dependGraph[68]: No producer. consumer: 
dependGraph[69]: No producer. consumer: 
dependGraph[70]: No producer. consumer: 
dependGraph[71]: No producer. consumer: 
dependGraph[72]: No producer. consumer: 
dependGraph[73]: No producer. consumer: 
dependGraph[74]: No producer. consumer: 
dependGraph[75]: No producer. consumer: 
dependGraph[76]: No producer. consumer: 
dependGraph[77]: No producer. consumer: 
dependGraph[78]: No producer. consumer: 
dependGraph[79]: No producer. consumer: 
dependGraph[80]: No producer. consumer: 
dependGraph[81]: No producer. consumer: 
dependGraph[82]: No producer. consumer: 
dependGraph[83]: No producer. consumer: 
dependGraph[84]: No producer. consumer: 
dependGraph[85]: No producer. consumer: 
dependGraph[86]: No producer. consumer: 
dependGraph[87]: No producer. consumer: 
dependGraph[88]: No producer. consumer: 
dependGraph[89]: No producer. consumer: 
dependGraph[90]: No producer. consumer: 
dependGraph[91]: No producer. consumer: 
dependGraph[92]: No producer. consumer: 
dependGraph[93]: No producer. consumer: 
dependGraph[94]: No producer. consumer: 
dependGraph[95]: No producer. consumer: 
dependGraph[96]: No producer. consumer: 
dependGraph[97]: No producer. consumer: 
dependGraph[98]: No producer. consumer: 
dependGraph[99]: No producer. consumer: 
dependGraph[100]: No producer. consumer: 
dependGraph[101]: No producer. consumer: 
dependGraph[102]: No producer. consumer: 
dependGraph[103]: No producer. consumer: 
dependGraph[104]: No producer. consumer: 
dependGraph[105]: No producer. consumer: 
dependGraph[106]: No producer. consumer: 
dependGraph[107]: No producer. consumer: 
dependGraph[108]: No producer. consumer: 
dependGraph[109]: No producer. consumer: 
dependGraph[110]: No producer. consumer: 
dependGraph[111]: No producer. consumer: 
dependGraph[112]: No producer. consumer: 
dependGraph[113]: No producer. consumer: 
dependGraph[114]: No producer. consumer: 
dependGraph[115]: No producer. consumer: 
dependGraph[116]: No producer. consumer: 
dependGraph[117]: No producer. consumer: 
dependGraph[118]: No producer. consumer: 
dependGraph[119]: No producer. consumer: 
dependGraph[120]: No producer. consumer: 
dependGraph[121]: No producer. consumer: 
dependGraph[122]: No producer. consumer: 
dependGraph[123]: No producer. consumer: 
dependGraph[124]: No producer. consumer: 
dependGraph[125]: No producer. consumer: 
dependGraph[126]: No producer. consumer: 
dependGraph[127]: No producer. consumer: 
dependGraph[128]: No producer. consumer: 
dependGraph[129]: No producer. consumer: 
dependGraph[130]: No producer. consumer: 
dependGraph[131]: No producer. consumer: 
dependGraph[132]: No producer. consumer: 
dependGraph[133]: No producer. consumer: 
dependGraph[134]: No producer. consumer: 
dependGraph[135]: No producer. consumer: 
dependGraph[136]: No producer. consumer: 
dependGraph[137]: No producer. consumer: 
dependGraph[138]: No producer. consumer: 
dependGraph[139]: No producer. consumer: 
dependGraph[140]: producer: (0x7ffffffffffff846=>0x7ffffffffffff848).(0=>1) [sn:18647633076] consumer: (0x7ffffffffffff848=>0x7ffffffffffff84c).(2=>3) [sn:18647633079] 
dependGraph[141]: No producer. consumer: 
dependGraph[142]: producer: (0x1b286=>0x1b28a).(0=>1) [sn:18647632966] consumer: (0x1b28a=>0x1b28c).(0=>1) [sn:18647632967] 
dependGraph[143]: No producer. consumer: 
dependGraph[144]: No producer. consumer: 
dependGraph[145]: No producer. consumer: 
dependGraph[146]: No producer. consumer: 
dependGraph[147]: No producer. consumer: 
dependGraph[148]: No producer. consumer: 
dependGraph[149]: No producer. consumer: 
dependGraph[150]: No producer. consumer: 
dependGraph[151]: No producer. consumer: 
dependGraph[152]: No producer. consumer: 
dependGraph[153]: No producer. consumer: 
dependGraph[154]: No producer. consumer: 
dependGraph[155]: No producer. consumer: 
dependGraph[156]: No producer. consumer: 
dependGraph[157]: No producer. consumer: 
dependGraph[158]: No producer. consumer: 
dependGraph[159]: No producer. consumer: 
dependGraph[160]: No producer. consumer: 
dependGraph[161]: No producer. consumer: 
dependGraph[162]: No producer. consumer: 
dependGraph[163]: No producer. consumer: 
dependGraph[164]: No producer. consumer: 
dependGraph[165]: No producer. consumer: 
dependGraph[166]: No producer. consumer: 
dependGraph[167]: No producer. consumer: 
dependGraph[168]: No producer. consumer: 
dependGraph[169]: No producer. consumer: 
dependGraph[170]: No producer. consumer: 
dependGraph[171]: No producer. consumer: 
dependGraph[172]: No producer. consumer: 
dependGraph[173]: No producer. consumer: 
dependGraph[174]: No producer. consumer: 
dependGraph[175]: No producer. consumer: 
dependGraph[176]: No producer. consumer: 
dependGraph[177]: No producer. consumer: 
dependGraph[178]: No producer. consumer: 
dependGraph[179]: No producer. consumer: 
dependGraph[180]: producer: (0x7ffffffffffff82e=>0x7ffffffffffff830).(0=>1) [sn:18647633067] consumer: 
dependGraph[181]: No producer. consumer: 
dependGraph[182]: No producer. consumer: 
dependGraph[183]: No producer. consumer: 
dependGraph[184]: No producer. consumer: 
dependGraph[185]: No producer. consumer: 
dependGraph[186]: No producer. consumer: 
dependGraph[187]: No producer. consumer: 
dependGraph[188]: No producer. consumer: 
dependGraph[189]: No producer. consumer: 
dependGraph[190]: No producer. consumer: 
dependGraph[191]: No producer. consumer: 
dependGraph[192]: No producer. consumer: 
dependGraph[193]: No producer. consumer: 
dependGraph[194]: No producer. consumer: 
dependGraph[195]: No producer. consumer: 
dependGraph[196]: No producer. consumer: 
dependGraph[197]: No producer. consumer: 
dependGraph[198]: No producer. consumer: 
dependGraph[199]: No producer. consumer: 
dependGraph[200]: No producer. consumer: 
dependGraph[201]: No producer. consumer: 
dependGraph[202]: No producer. consumer: 
dependGraph[203]: No producer. consumer: 
dependGraph[204]: No producer. consumer: 
dependGraph[205]: No producer. consumer: 
dependGraph[206]: No producer. consumer: 
dependGraph[207]: No producer. consumer: 
dependGraph[208]: No producer. consumer: 
dependGraph[209]: No producer. consumer: 
dependGraph[210]: No producer. consumer: 
dependGraph[211]: No producer. consumer: 
dependGraph[212]: No producer. consumer: 
dependGraph[213]: No producer. consumer: 
dependGraph[214]: No producer. consumer: 
dependGraph[215]: No producer. consumer: 
dependGraph[216]: No producer. consumer: 
dependGraph[217]: No producer. consumer: 
dependGraph[218]: No producer. consumer: 
dependGraph[219]: No producer. consumer: 
dependGraph[220]: No producer. consumer: 
dependGraph[221]: No producer. consumer: 
dependGraph[222]: No producer. consumer: 
dependGraph[223]: No producer. consumer: 
dependGraph[224]: No producer. consumer: 
dependGraph[225]: No producer. consumer: 
dependGraph[226]: No producer. consumer: 
dependGraph[227]: No producer. consumer: 
dependGraph[228]: No producer. consumer: 
dependGraph[229]: No producer. consumer: 
dependGraph[230]: No producer. consumer: 
dependGraph[231]: No producer. consumer: 
dependGraph[232]: No producer. consumer: 
dependGraph[233]: No producer. consumer: 
dependGraph[234]: No producer. consumer: 
dependGraph[235]: No producer. consumer: 
dependGraph[236]: No producer. consumer: 
dependGraph[237]: No producer. consumer: 
dependGraph[238]: No producer. consumer: 
dependGraph[239]: No producer. consumer: 
dependGraph[240]: producer: (0x19a8a=>0x19a8c).(0=>1) [sn:18647632972] consumer: (0x19a8e=>0x19a90).(0=>1) [sn:18647632974] 
dependGraph[241]: No producer. consumer: 
dependGraph[242]: No producer. consumer: 
dependGraph[243]: No producer. consumer: 
dependGraph[244]: No producer. consumer: 
dependGraph[245]: No producer. consumer: 
dependGraph[246]: No producer. consumer: 
dependGraph[247]: No producer. consumer: 
dependGraph[248]: No producer. consumer: 
dependGraph[249]: No producer. consumer: 
dependGraph[250]: No producer. consumer: 
dependGraph[251]: No producer. consumer: 
dependGraph[252]: No producer. consumer: 
dependGraph[253]: No producer. consumer: 
dependGraph[254]: No producer. consumer: 
dependGraph[255]: No producer. consumer: 
dependGraph[256]: No producer. consumer: 
dependGraph[257]: No producer. consumer: 
dependGraph[258]: No producer. consumer: 
dependGraph[259]: No producer. consumer: 
dependGraph[260]: No producer. consumer: 
dependGraph[261]: No producer. consumer: 
dependGraph[262]: No producer. consumer: 
dependGraph[263]: No producer. consumer: 
dependGraph[264]: No producer. consumer: 
dependGraph[265]: No producer. consumer: 
dependGraph[266]: No producer. consumer: 
dependGraph[267]: No producer. consumer: 
dependGraph[268]: No producer. consumer: 
dependGraph[269]: No producer. consumer: 
dependGraph[270]: No producer. consumer: 
dependGraph[271]: No producer. consumer: 
dependGraph[272]: No producer. consumer: 
dependGraph[273]: No producer. consumer: 
dependGraph[274]: No producer. consumer: 
dependGraph[275]: No producer. consumer: 
dependGraph[276]: No producer. consumer: 
dependGraph[277]: No producer. consumer: 
dependGraph[278]: No producer. consumer: 
dependGraph[279]: No producer. consumer: 
dependGraph[280]: No producer. consumer: 
dependGraph[281]: No producer. consumer: 
dependGraph[282]: No producer. consumer: 
dependGraph[283]: No producer. consumer: 
dependGraph[284]: No producer. consumer: 
dependGraph[285]: No producer. consumer: 
dependGraph[286]: No producer. consumer: 
dependGraph[287]: No producer. consumer: 
dependGraph[288]: No producer. consumer: 
dependGraph[289]: No producer. consumer: 
dependGraph[290]: No producer. consumer: 
dependGraph[291]: No producer. consumer: 
dependGraph[292]: No producer. consumer: 
dependGraph[293]: No producer. consumer: 
dependGraph[294]: No producer. consumer: 
dependGraph[295]: No producer. consumer: 
dependGraph[296]: No producer. consumer: 
dependGraph[297]: No producer. consumer: 
dependGraph[298]: No producer. consumer: 
dependGraph[299]: No producer. consumer: 
dependGraph[300]: No producer. consumer: 
dependGraph[301]: No producer. consumer: 
dependGraph[302]: No producer. consumer: 
dependGraph[303]: No producer. consumer: 
dependGraph[304]: No producer. consumer: 
dependGraph[305]: No producer. consumer: 
dependGraph[306]: No producer. consumer: 
dependGraph[307]: No producer. consumer: 
dependGraph[308]: No producer. consumer: 
dependGraph[309]: No producer. consumer: 
dependGraph[310]: No producer. consumer: 
dependGraph[311]: No producer. consumer: 
dependGraph[312]: No producer. consumer: 
dependGraph[313]: No producer. consumer: 
dependGraph[314]: No producer. consumer: 
dependGraph[315]: No producer. consumer: 
dependGraph[316]: No producer. consumer: 
dependGraph[317]: No producer. consumer: 
dependGraph[318]: No producer. consumer: 
dependGraph[319]: No producer. consumer: 
dependGraph[320]: No producer. consumer: 
dependGraph[321]: No producer. consumer: 
dependGraph[322]: No producer. consumer: 
dependGraph[323]: No producer. consumer: 
dependGraph[324]: No producer. consumer: 
dependGraph[325]: No producer. consumer: 
dependGraph[326]: No producer. consumer: 
dependGraph[327]: No producer. consumer: 
dependGraph[328]: No producer. consumer: 
dependGraph[329]: No producer. consumer: 
dependGraph[330]: No producer. consumer: 
dependGraph[331]: No producer. consumer: 
dependGraph[332]: No producer. consumer: 
dependGraph[333]: No producer. consumer: 
dependGraph[334]: No producer. consumer: 
dependGraph[335]: No producer. consumer: 
dependGraph[336]: No producer. consumer: 
dependGraph[337]: No producer. consumer: 
dependGraph[338]: No producer. consumer: 
dependGraph[339]: No producer. consumer: 
dependGraph[340]: No producer. consumer: 
dependGraph[341]: No producer. consumer: 
dependGraph[342]: No producer. consumer: 
dependGraph[343]: No producer. consumer: 
dependGraph[344]: No producer. consumer: 
dependGraph[345]: No producer. consumer: 
dependGraph[346]: No producer. consumer: 
dependGraph[347]: No producer. consumer: 
dependGraph[348]: No producer. consumer: 
dependGraph[349]: No producer. consumer: 
dependGraph[350]: No producer. consumer: 
dependGraph[351]: No producer. consumer: 
dependGraph[352]: No producer. consumer: 
dependGraph[353]: No producer. consumer: 
dependGraph[354]: No producer. consumer: 
dependGraph[355]: No producer. consumer: 
dependGraph[356]: No producer. consumer: 
dependGraph[357]: No producer. consumer: 
dependGraph[358]: No producer. consumer: 
dependGraph[359]: No producer. consumer: 
dependGraph[360]: No producer. consumer: 
dependGraph[361]: No producer. consumer: 
dependGraph[362]: No producer. consumer: 
dependGraph[363]: No producer. consumer: 
dependGraph[364]: No producer. consumer: 
dependGraph[365]: No producer. consumer: 
dependGraph[366]: No producer. consumer: 
dependGraph[367]: No producer. consumer: 
dependGraph[368]: No producer. consumer: 
dependGraph[369]: No producer. consumer: 
dependGraph[370]: No producer. consumer: 
dependGraph[371]: No producer. consumer: 
dependGraph[372]: No producer. consumer: 
dependGraph[373]: No producer. consumer: 
dependGraph[374]: No producer. consumer: 
dependGraph[375]: No producer. consumer: 
dependGraph[376]: No producer. consumer: 
dependGraph[377]: No producer. consumer: 
dependGraph[378]: No producer. consumer: 
dependGraph[379]: No producer. consumer: 
dependGraph[380]: No producer. consumer: 
dependGraph[381]: No producer. consumer: 
dependGraph[382]: No producer. consumer: 
dependGraph[383]: No producer. consumer: 
dependGraph[384]: No producer. consumer: 
dependGraph[385]: No producer. consumer: 
dependGraph[386]: No producer. consumer: 
dependGraph[387]: No producer. consumer: 
dependGraph[388]: No producer. consumer: 
dependGraph[389]: No producer. consumer: 
dependGraph[390]: No producer. consumer: 
dependGraph[391]: No producer. consumer: 
dependGraph[392]: No producer. consumer: 
dependGraph[393]: No producer. consumer: 
dependGraph[394]: No producer. consumer: 
dependGraph[395]: No producer. consumer: 
dependGraph[396]: No producer. consumer: 
dependGraph[397]: No producer. consumer: 
dependGraph[398]: No producer. consumer: 
dependGraph[399]: No producer. consumer: 
dependGraph[400]: No producer. consumer: 
dependGraph[401]: No producer. consumer: 
dependGraph[402]: No producer. consumer: 
dependGraph[403]: No producer. consumer: 
dependGraph[404]: No producer. consumer: 
dependGraph[405]: No producer. consumer: 
dependGraph[406]: No producer. consumer: 
dependGraph[407]: No producer. consumer: 
dependGraph[408]: No producer. consumer: 
dependGraph[409]: No producer. consumer: 
dependGraph[410]: No producer. consumer: 
dependGraph[411]: No producer. consumer: 
dependGraph[412]: No producer. consumer: 
dependGraph[413]: No producer. consumer: 
dependGraph[414]: No producer. consumer: 
dependGraph[415]: No producer. consumer: 
dependGraph[416]: No producer. consumer: 
dependGraph[417]: No producer. consumer: 
dependGraph[418]: No producer. consumer: 
dependGraph[419]: No producer. consumer: 
dependGraph[420]: No producer. consumer: 
dependGraph[421]: No producer. consumer: 
dependGraph[422]: No producer. consumer: 
dependGraph[423]: No producer. consumer: 
dependGraph[424]: No producer. consumer: 
dependGraph[425]: No producer. consumer: 
dependGraph[426]: No producer. consumer: 
dependGraph[427]: No producer. consumer: 
dependGraph[428]: No producer. consumer: 
dependGraph[429]: No producer. consumer: 
dependGraph[430]: No producer. consumer: 
dependGraph[431]: No producer. consumer: 
dependGraph[432]: No producer. consumer: 
dependGraph[433]: No producer. consumer: 
dependGraph[434]: No producer. consumer: 
dependGraph[435]: No producer. consumer: 
dependGraph[436]: No producer. consumer: 
dependGraph[437]: No producer. consumer: 
dependGraph[438]: No producer. consumer: 
dependGraph[439]: No producer. consumer: 
dependGraph[440]: No producer. consumer: 
dependGraph[441]: No producer. consumer: 
dependGraph[442]: No producer. consumer: 
dependGraph[443]: No producer. consumer: 
dependGraph[444]: No producer. consumer: 
dependGraph[445]: No producer. consumer: 
dependGraph[446]: No producer. consumer: 
dependGraph[447]: No producer. consumer: 
dependGraph[448]: No producer. consumer: 
dependGraph[449]: No producer. consumer: 
dependGraph[450]: No producer. consumer: 
dependGraph[451]: No producer. consumer: 
dependGraph[452]: No producer. consumer: 
dependGraph[453]: No producer. consumer: 
dependGraph[454]: No producer. consumer: 
dependGraph[455]: No producer. consumer: 
dependGraph[456]: No producer. consumer: 
dependGraph[457]: No producer. consumer: 
dependGraph[458]: No producer. consumer: 
dependGraph[459]: No producer. consumer: 
dependGraph[460]: No producer. consumer: 
dependGraph[461]: No producer. consumer: 
dependGraph[462]: No producer. consumer: 
dependGraph[463]: No producer. consumer: 
dependGraph[464]: No producer. consumer: 
dependGraph[465]: No producer. consumer: 
dependGraph[466]: No producer. consumer: 
dependGraph[467]: No producer. consumer: 
dependGraph[468]: No producer. consumer: 
dependGraph[469]: No producer. consumer: 
dependGraph[470]: No producer. consumer: 
dependGraph[471]: No producer. consumer: 
dependGraph[472]: No producer. consumer: 
dependGraph[473]: No producer. consumer: 
dependGraph[474]: No producer. consumer: 
dependGraph[475]: No producer. consumer: 
dependGraph[476]: No producer. consumer: 
dependGraph[477]: No producer. consumer: 
dependGraph[478]: No producer. consumer: 
dependGraph[479]: No producer. consumer: 
dependGraph[480]: No producer. consumer: 
dependGraph[481]: No producer. consumer: 
dependGraph[482]: No producer. consumer: 
dependGraph[483]: No producer. consumer: 
dependGraph[484]: No producer. consumer: 
dependGraph[485]: No producer. consumer: 
dependGraph[486]: No producer. consumer: 
dependGraph[487]: No producer. consumer: 
dependGraph[488]: No producer. consumer: 
dependGraph[489]: No producer. consumer: 
dependGraph[490]: No producer. consumer: 
dependGraph[491]: No producer. consumer: 
dependGraph[492]: No producer. consumer: 
dependGraph[493]: No producer. consumer: 
dependGraph[494]: No producer. consumer: 
dependGraph[495]: No producer. consumer: 
dependGraph[496]: No producer. consumer: 
dependGraph[497]: No producer. consumer: 
dependGraph[498]: No producer. consumer: 
dependGraph[499]: No producer. consumer: 
dependGraph[500]: No producer. consumer: 
dependGraph[501]: No producer. consumer: 
dependGraph[502]: No producer. consumer: 
dependGraph[503]: No producer. consumer: 
dependGraph[504]: No producer. consumer: 
dependGraph[505]: No producer. consumer: 
dependGraph[506]: No producer. consumer: 
dependGraph[507]: No producer. consumer: 
dependGraph[508]: No producer. consumer: 
dependGraph[509]: No producer. consumer: 
dependGraph[510]: No producer. consumer: 
dependGraph[511]: No producer. consumer: 
dependGraph[512]: No producer. consumer: 
dependGraph[513]: No producer. consumer: 
dependGraph[514]: No producer. consumer: 
dependGraph[515]: No producer. consumer: 
dependGraph[516]: No producer. consumer: 
dependGraph[517]: No producer. consumer: 
dependGraph[518]: No producer. consumer: 
dependGraph[519]: No producer. consumer: 
dependGraph[520]: No producer. consumer: 
dependGraph[521]: No producer. consumer: 
dependGraph[522]: No producer. consumer: 
dependGraph[523]: No producer. consumer: 
dependGraph[524]: No producer. consumer: 
dependGraph[525]: No producer. consumer: 
dependGraph[526]: No producer. consumer: 
dependGraph[527]: No producer. consumer: 
dependGraph[528]: No producer. consumer: 
dependGraph[529]: No producer. consumer: 
dependGraph[530]: No producer. consumer: 
dependGraph[531]: No producer. consumer: 
dependGraph[532]: No producer. consumer: 
dependGraph[533]: No producer. consumer: 
dependGraph[534]: No producer. consumer: 
dependGraph[535]: No producer. consumer: 
dependGraph[536]: No producer. consumer: 
dependGraph[537]: No producer. consumer: 
dependGraph[538]: No producer. consumer: 
dependGraph[539]: No producer. consumer: 
dependGraph[540]: No producer. consumer: 
dependGraph[541]: No producer. consumer: 
dependGraph[542]: No producer. consumer: 
dependGraph[543]: No producer. consumer: 
dependGraph[544]: No producer. consumer: 
dependGraph[545]: No producer. consumer: 
dependGraph[546]: No producer. consumer: 
dependGraph[547]: No producer. consumer: 
dependGraph[548]: No producer. consumer: 
dependGraph[549]: No producer. consumer: 
dependGraph[550]: No producer. consumer: 
dependGraph[551]: No producer. consumer: 
dependGraph[552]: No producer. consumer: 
dependGraph[553]: No producer. consumer: 
dependGraph[554]: No producer. consumer: 
dependGraph[555]: No producer. consumer: 
dependGraph[556]: No producer. consumer: 
dependGraph[557]: No producer. consumer: 
dependGraph[558]: No producer. consumer: 
dependGraph[559]: No producer. consumer: 
dependGraph[560]: No producer. consumer: 
dependGraph[561]: No producer. consumer: 
dependGraph[562]: No producer. consumer: 
dependGraph[563]: No producer. consumer: 
dependGraph[564]: No producer. consumer: 
dependGraph[565]: No producer. consumer: 
dependGraph[566]: No producer. consumer: 
dependGraph[567]: No producer. consumer: 
dependGraph[568]: No producer. consumer: 
dependGraph[569]: No producer. consumer: 
dependGraph[570]: No producer. consumer: 
dependGraph[571]: No producer. consumer: 
dependGraph[572]: No producer. consumer: 
dependGraph[573]: No producer. consumer: 
dependGraph[574]: No producer. consumer: 
dependGraph[575]: No producer. consumer: 
dependGraph[576]: No producer. consumer: 
dependGraph[577]: No producer. consumer: 
dependGraph[578]: No producer. consumer: 
dependGraph[579]: No producer. consumer: 
dependGraph[580]: No producer. consumer: 
dependGraph[581]: No producer. consumer: 
dependGraph[582]: No producer. consumer: 
dependGraph[583]: No producer. consumer: 
dependGraph[584]: No producer. consumer: 
dependGraph[585]: No producer. consumer: 
dependGraph[586]: No producer. consumer: 
dependGraph[587]: No producer. consumer: 
dependGraph[588]: No producer. consumer: 
dependGraph[589]: No producer. consumer: 
dependGraph[590]: No producer. consumer: 
dependGraph[591]: No producer. consumer: 
dependGraph[592]: No producer. consumer: 
dependGraph[593]: No producer. consumer: 
dependGraph[594]: No producer. consumer: 
dependGraph[595]: No producer. consumer: 
dependGraph[596]: No producer. consumer: 
dependGraph[597]: No producer. consumer: 
dependGraph[598]: No producer. consumer: 
dependGraph[599]: No producer. consumer: 
dependGraph[600]: No producer. consumer: 
dependGraph[601]: No producer. consumer: 
dependGraph[602]: No producer. consumer: 
dependGraph[603]: No producer. consumer: 
dependGraph[604]: No producer. consumer: 
dependGraph[605]: No producer. consumer: 
dependGraph[606]: No producer. consumer: 
dependGraph[607]: No producer. consumer: 
dependGraph[608]: No producer. consumer: 
dependGraph[609]: No producer. consumer: 
dependGraph[610]: No producer. consumer: 
dependGraph[611]: No producer. consumer: 
dependGraph[612]: No producer. consumer: 
dependGraph[613]: No producer. consumer: 
dependGraph[614]: No producer. consumer: 
dependGraph[615]: No producer. consumer: 
dependGraph[616]: No producer. consumer: 
dependGraph[617]: No producer. consumer: 
dependGraph[618]: No producer. consumer: 
dependGraph[619]: No producer. consumer: 
dependGraph[620]: No producer. consumer: 
dependGraph[621]: No producer. consumer: 
dependGraph[622]: No producer. consumer: 
dependGraph[623]: No producer. consumer: 
dependGraph[624]: No producer. consumer: 
dependGraph[625]: No producer. consumer: 
dependGraph[626]: No producer. consumer: 
dependGraph[627]: No producer. consumer: 
dependGraph[628]: producer: (0x7ffffffffffff848=>0x7ffffffffffff84c).(1=>2) [sn:18647633078] consumer: (0x7ffffffffffff848=>0x7ffffffffffff84c).(2=>3) [sn:18647633079] 
dependGraph[629]: No producer. consumer: 
dependGraph[630]: No producer. consumer: 
dependGraph[631]: No producer. consumer: 
dependGraph[632]: No producer. consumer: 
dependGraph[633]: No producer. consumer: 
dependGraph[634]: No producer. consumer: 
dependGraph[635]: No producer. consumer: 
dependGraph[636]: No producer. consumer: 
dependGraph[637]: No producer. consumer: 
dependGraph[638]: No producer. consumer: 
dependGraph[639]: No producer. consumer: 
dependGraph[640]: No producer. consumer: 
dependGraph[641]: No producer. consumer: 
dependGraph[642]: No producer. consumer: 
dependGraph[643]: No producer. consumer: 
dependGraph[644]: No producer. consumer: 
dependGraph[645]: No producer. consumer: 
dependGraph[646]: No producer. consumer: 
dependGraph[647]: No producer. consumer: 
dependGraph[648]: No producer. consumer: 
dependGraph[649]: No producer. consumer: 
dependGraph[650]: No producer. consumer: 
dependGraph[651]: No producer. consumer: 
dependGraph[652]: No producer. consumer: 
dependGraph[653]: No producer. consumer: 
dependGraph[654]: No producer. consumer: 
dependGraph[655]: No producer. consumer: 
dependGraph[656]: No producer. consumer: 
dependGraph[657]: No producer. consumer: 
dependGraph[658]: No producer. consumer: 
dependGraph[659]: No producer. consumer: 
dependGraph[660]: No producer. consumer: 
dependGraph[661]: No producer. consumer: 
dependGraph[662]: No producer. consumer: 
dependGraph[663]: No producer. consumer: 
dependGraph[664]: No producer. consumer: 
dependGraph[665]: No producer. consumer: 
dependGraph[666]: No producer. consumer: 
dependGraph[667]: No producer. consumer: 
dependGraph[668]: No producer. consumer: 
dependGraph[669]: No producer. consumer: 
dependGraph[670]: No producer. consumer: 
dependGraph[671]: No producer. consumer: 
dependGraph[672]: No producer. consumer: 
dependGraph[673]: No producer. consumer: 
dependGraph[674]: No producer. consumer: 
dependGraph[675]: No producer. consumer: 
dependGraph[676]: No producer. consumer: 
dependGraph[677]: No producer. consumer: 
dependGraph[678]: No producer. consumer: 
dependGraph[679]: No producer. consumer: 
dependGraph[680]: No producer. consumer: 
dependGraph[681]: No producer. consumer: 
dependGraph[682]: No producer. consumer: 
dependGraph[683]: No producer. consumer: 
dependGraph[684]: No producer. consumer: 
dependGraph[685]: No producer. consumer: 
dependGraph[686]: No producer. consumer: 
dependGraph[687]: No producer. consumer: 
dependGraph[688]: No producer. consumer: 
dependGraph[689]: No producer. consumer: 
dependGraph[690]: No producer. consumer: 
dependGraph[691]: No producer. consumer: 
dependGraph[692]: No producer. consumer: 
dependGraph[693]: No producer. consumer: 
dependGraph[694]: No producer. consumer: 
dependGraph[695]: No producer. consumer: 
dependGraph[696]: No producer. consumer: 
dependGraph[697]: No producer. consumer: 
dependGraph[698]: No producer. consumer: 
dependGraph[699]: No producer. consumer: 
dependGraph[700]: No producer. consumer: 
dependGraph[701]: No producer. consumer: 
dependGraph[702]: No producer. consumer: 
dependGraph[703]: No producer. consumer: 
dependGraph[704]: No producer. consumer: 
dependGraph[705]: No producer. consumer: 
dependGraph[706]: No producer. consumer: 
dependGraph[707]: No producer. consumer: 
dependGraph[708]: No producer. consumer: 
dependGraph[709]: No producer. consumer: 
dependGraph[710]: No producer. consumer: 
dependGraph[711]: No producer. consumer: 
dependGraph[712]: No producer. consumer: 
dependGraph[713]: No producer. consumer: 
dependGraph[714]: No producer. consumer: 
dependGraph[715]: No producer. consumer: 
dependGraph[716]: No producer. consumer: 
dependGraph[717]: No producer. consumer: 
dependGraph[718]: No producer. consumer: 
dependGraph[719]: No producer. consumer: 
dependGraph[720]: No producer. consumer: 
dependGraph[721]: No producer. consumer: 
dependGraph[722]: No producer. consumer: 
dependGraph[723]: No producer. consumer: 
dependGraph[724]: No producer. consumer: 
dependGraph[725]: No producer. consumer: 
dependGraph[726]: No producer. consumer: 
dependGraph[727]: No producer. consumer: 
dependGraph[728]: No producer. consumer: 
dependGraph[729]: No producer. consumer: 
dependGraph[730]: No producer. consumer: 
dependGraph[731]: No producer. consumer: 
dependGraph[732]: No producer. consumer: 
dependGraph[733]: No producer. consumer: 
dependGraph[734]: No producer. consumer: 
dependGraph[735]: No producer. consumer: 
dependGraph[736]: No producer. consumer: 
dependGraph[737]: No producer. consumer: 
dependGraph[738]: No producer. consumer: 
dependGraph[739]: No producer. consumer: 
dependGraph[740]: No producer. consumer: 
dependGraph[741]: No producer. consumer: 
dependGraph[742]: No producer. consumer: 
dependGraph[743]: producer: (0x7ffffffffffff848=>0x7ffffffffffff84c).(0=>1) [sn:18647633077] consumer: (0x7ffffffffffff848=>0x7ffffffffffff84c).(2=>3) [sn:18647633079] 
dependGraph[744]: No producer. consumer: 
dependGraph[745]: No producer. consumer: 
dependGraph[746]: No producer. consumer: 
dependGraph[747]: No producer. consumer: 
dependGraph[748]: No producer. consumer: 
dependGraph[749]: No producer. consumer: 
dependGraph[750]: No producer. consumer: 
dependGraph[751]: No producer. consumer: 
dependGraph[752]: No producer. consumer: 
dependGraph[753]: No producer. consumer: 
dependGraph[754]: No producer. consumer: 
dependGraph[755]: No producer. consumer: 
dependGraph[756]: No producer. consumer: 
dependGraph[757]: No producer. consumer: 
dependGraph[758]: No producer. consumer: 
dependGraph[759]: No producer. consumer: 
dependGraph[760]: No producer. consumer: 
dependGraph[761]: No producer. consumer: 
dependGraph[762]: No producer. consumer: 
dependGraph[763]: No producer. consumer: 
dependGraph[764]: No producer. consumer: 
dependGraph[765]: No producer. consumer: 
dependGraph[766]: No producer. consumer: 
dependGraph[767]: No producer. consumer: 
dependGraph[768]: No producer. consumer: 
dependGraph[769]: No producer. consumer: 
dependGraph[770]: No producer. consumer: 
dependGraph[771]: No producer. consumer: 
dependGraph[772]: No producer. consumer: 
dependGraph[773]: No producer. consumer: 
dependGraph[774]: No producer. consumer: 
dependGraph[775]: No producer. consumer: 
dependGraph[776]: No producer. consumer: 
dependGraph[777]: No producer. consumer: 
dependGraph[778]: No producer. consumer: 
dependGraph[779]: No producer. consumer: 
dependGraph[780]: No producer. consumer: 
dependGraph[781]: No producer. consumer: 
dependGraph[782]: No producer. consumer: 
dependGraph[783]: No producer. consumer: 
dependGraph[784]: No producer. consumer: 
dependGraph[785]: No producer. consumer: 
dependGraph[786]: No producer. consumer: 
dependGraph[787]: No producer. consumer: 
dependGraph[788]: No producer. consumer: 
dependGraph[789]: No producer. consumer: 
dependGraph[790]: No producer. consumer: 
dependGraph[791]: No producer. consumer: 
dependGraph[792]: No producer. consumer: 
dependGraph[793]: No producer. consumer: 
dependGraph[794]: No producer. consumer: 
dependGraph[795]: No producer. consumer: 
dependGraph[796]: No producer. consumer: 
dependGraph[797]: No producer. consumer: 
dependGraph[798]: No producer. consumer: 
dependGraph[799]: No producer. consumer: 
dependGraph[800]: No producer. consumer: 
dependGraph[801]: No producer. consumer: 
memAllocCounter: 7
