Global frequency set at 1000000000000 ticks per second
gem5 Simulator System.  https://www.gem5.org
gem5 is copyrighted software; use the --copyright option for details.

gem5 version 24.1.0.2
gem5 compiled Feb 18 2025 16:54:10
gem5 started Mar 30 2025 23:08:27
gem5 executing on zkyd151, pid 1415863
command line: build/RISCV/gem5.opt --outdir=../output-vlen128-elen64/m5out-rv-random-euclidean-64-1000-100-top20 configs/example/bvb-board.py --vlen 128 --elen 64 --resource ../build/bin/hnsw_search_riscv '--prog_args=--topk 20 --dataset /home/zxge/VDB/hnsw/data/random-euclidean-64-1000-100.bin'

info: Standard input is not a terminal, disabling listeners.
Resource: ../build/bin/hnsw_search_riscv
VLEN: 128
ELEN: 64
Program Arguments: ['--topk 20 --dataset /home/zxge/VDB/hnsw/data/random-euclidean-64-1000-100.bin']
Binary Path: ../build/bin/hnsw_search_riscv
Program Arguments for Workload: ['--topk', '20', '--dataset', '/home/zxge/VDB/hnsw/data/random-euclidean-64-1000-100.bin']
Beginning simulation!
--------- Reading data ---------
Read data from /home/zxge/VDB/hnsw/data/random-euclidean-64-1000-100.bin with 1000 train elements and 100 test elements
Dataset Dimension: 64
Dataset topk: 100
>>> Time to read binary file: 0.018 ms
--------- Creating index ---------
>>> Time to create index: 162.521 ms
--------- Searching ---------
>>> Time to search: 3.069 ms
